{
  "RSpec": {
    "coverage": {
      "/Users/kevinponce/Programming/habit/habit_api_tracker/spec/controllers/habit_records_controller_spec.rb": [
        null,
        null,
        1,
        1,
        1,
        null,
        1,
        1,
        null,
        22,
        22,
        22,
        22,
        22,
        null,
        1,
        1,
        1,
        4,
        4,
        null,
        null,
        2,
        2,
        2,
        2,
        null,
        null,
        1,
        1,
        3,
        3,
        null,
        null,
        2,
        2,
        2,
        null,
        null,
        null,
        1,
        1,
        1,
        4,
        4,
        null,
        null,
        2,
        2,
        2,
        2,
        null,
        null,
        1,
        1,
        3,
        3,
        null,
        null,
        2,
        2,
        2,
        null,
        null,
        null,
        1,
        1,
        1,
        4,
        4,
        null,
        null,
        2,
        2,
        2,
        2,
        null,
        null,
        1,
        1,
        3,
        3,
        null,
        null,
        2,
        2,
        2,
        null,
        null,
        null
      ],
      "/Users/kevinponce/Programming/habit/habit_api_tracker/spec/rails_helper.rb": [
        null,
        null,
        null,
        1,
        1,
        null,
        null,
        1,
        null,
        1,
        1,
        null,
        1,
        null,
        2,
        null,
        1,
        1,
        1,
        1,
        1,
        null
      ],
      "/Users/kevinponce/Programming/habit/habit_api_tracker/config/environment.rb": [
        null,
        1,
        null,
        null,
        1
      ],
      "/Users/kevinponce/Programming/habit/habit_api_tracker/config/application.rb": [
        1,
        null,
        1,
        null,
        1,
        1,
        1,
        1,
        1,
        1,
        1,
        null,
        null,
        null,
        null,
        null,
        1,
        null,
        1,
        1,
        null,
        null,
        null,
        null,
        null,
        null,
        null,
        1,
        null,
        null
      ],
      "/Users/kevinponce/Programming/habit/habit_api_tracker/config/boot.rb": [
        1,
        null,
        1
      ],
      "/Users/kevinponce/Programming/habit/habit_api_tracker/config/environments/test.rb": [
        null,
        null,
        1,
        null,
        null,
        null,
        null,
        null,
        null,
        1,
        null,
        null,
        null,
        null,
        1,
        null,
        null,
        1,
        1,
        null,
        null,
        null,
        null,
        1,
        1,
        null,
        null,
        1,
        null,
        null,
        1,
        1,
        null,
        null,
        null,
        null,
        1,
        null,
        null,
        1,
        null,
        null,
        null,
        null
      ],
      "/Users/kevinponce/Programming/habit/habit_api_tracker/config/initializers/application_controller_renderer.rb": [
        null,
        null,
        null,
        null,
        null,
        null,
        null,
        null
      ],
      "/Users/kevinponce/Programming/habit/habit_api_tracker/config/initializers/backtrace_silencers.rb": [
        null,
        null,
        null,
        null,
        null,
        null,
        null,
        null,
        null
      ],
      "/Users/kevinponce/Programming/habit/habit_api_tracker/config/initializers/cors.rb": [
        null,
        null,
        null,
        null,
        null,
        null,
        null,
        null,
        null,
        null,
        null,
        null,
        null,
        null,
        null,
        null,
        null,
        null
      ],
      "/Users/kevinponce/Programming/habit/habit_api_tracker/config/initializers/filter_parameter_logging.rb": [
        null,
        null,
        null,
        null,
        null,
        1
      ],
      "/Users/kevinponce/Programming/habit/habit_api_tracker/config/initializers/inflections.rb": [
        null,
        null,
        null,
        null,
        null,
        null,
        null,
        null,
        null,
        null,
        null,
        null,
        null,
        null,
        null,
        null,
        null,
        null
      ],
      "/Users/kevinponce/Programming/habit/habit_api_tracker/config/initializers/kp_jwt_client.rb": [
        null,
        null,
        null,
        1,
        null,
        313,
        null
      ],
      "/Users/kevinponce/Programming/habit/habit_api_tracker/config/initializers/mime_types.rb": [
        null,
        null,
        null,
        null,
        null,
        null
      ],
      "/Users/kevinponce/Programming/habit/habit_api_tracker/config/initializers/new_framework_defaults.rb": [
        null,
        null,
        null,
        null,
        null,
        null,
        null,
        null,
        null,
        null,
        1,
        null,
        null,
        1,
        null,
        null,
        1,
        null,
        null,
        1
      ],
      "/Users/kevinponce/Programming/habit/habit_api_tracker/config/initializers/wrap_parameters.rb": [
        null,
        null,
        null,
        null,
        null,
        null,
        null,
        null,
        1,
        2,
        null,
        null,
        null,
        null,
        null,
        null
      ],
      "/Users/kevinponce/Programming/habit/habit_api_tracker/spec/factories/habit.rb": [
        null,
        null,
        null,
        1,
        1,
        1,
        1,
        1,
        1,
        1,
        null,
        1,
        1,
        1,
        1,
        1,
        1,
        1,
        null,
        1,
        null,
        1,
        null,
        null
      ],
      "/Users/kevinponce/Programming/habit/habit_api_tracker/spec/factories/habit_record.rb": [
        null,
        null,
        null,
        1,
        1,
        1,
        1,
        null,
        1,
        null,
        null
      ],
      "/Users/kevinponce/Programming/habit/habit_api_tracker/spec/factories/user.rb": [
        null,
        null,
        null,
        1,
        1,
        84,
        1,
        null,
        null
      ],
      "/Users/kevinponce/Programming/habit/habit_api_tracker/config/routes.rb": [
        1,
        null,
        1,
        1,
        null,
        null
      ],
      "/Users/kevinponce/Programming/habit/habit_api_tracker/spec/support/generic_support.rb": [
        null,
        null,
        1,
        1,
        46,
        null,
        null,
        1,
        48,
        null,
        null,
        1,
        0,
        null,
        null
      ],
      "/Users/kevinponce/Programming/habit/habit_api_tracker/app/controllers/habit_records_controller.rb": [
        null,
        null,
        null,
        1,
        1,
        1,
        1,
        1,
        null,
        1,
        4,
        null,
        null,
        1,
        4,
        null,
        4,
        4,
        null,
        0,
        null,
        null,
        null,
        1,
        4,
        4,
        null,
        0,
        null,
        null,
        null,
        1,
        null,
        1,
        8,
        null,
        null,
        1,
        8,
        null,
        null,
        1,
        4,
        null,
        4,
        4,
        0,
        0,
        null,
        null,
        null,
        1,
        12,
        12,
        null,
        null,
        1,
        4,
        4,
        null,
        null,
        1,
        0,
        null,
        null,
        1,
        0,
        null,
        null,
        1,
        0,
        null,
        null
      ],
      "/Users/kevinponce/Programming/habit/habit_api_tracker/app/controllers/application_controller.rb": [
        null,
        null,
        null,
        1,
        1,
        null
      ],
      "/Users/kevinponce/Programming/habit/habit_api_tracker/spec/controllers/habits_controller_spec.rb": [
        null,
        null,
        1,
        1,
        1,
        null,
        1,
        1,
        null,
        52,
        52,
        52,
        52,
        null,
        1,
        1,
        1,
        4,
        4,
        null,
        null,
        2,
        2,
        2,
        2,
        null,
        null,
        1,
        1,
        3,
        3,
        null,
        null,
        2,
        2,
        2,
        null,
        null,
        null,
        1,
        1,
        1,
        3,
        3,
        null,
        null,
        2,
        2,
        2,
        null,
        null,
        1,
        1,
        3,
        3,
        null,
        null,
        2,
        2,
        2,
        null,
        null,
        null,
        1,
        12,
        null,
        1,
        1,
        1,
        5,
        5,
        null,
        null,
        2,
        2,
        2,
        2,
        2,
        null,
        null,
        1,
        1,
        3,
        3,
        null,
        null,
        2,
        2,
        2,
        null,
        null,
        null,
        1,
        1,
        3,
        3,
        null,
        null,
        2,
        2,
        2,
        null,
        null,
        null,
        1,
        1,
        1,
        1,
        3,
        3,
        null,
        null,
        2,
        2,
        2,
        null,
        null,
        1,
        1,
        3,
        3,
        null,
        null,
        2,
        2,
        2,
        null,
        null,
        null,
        1,
        1,
        3,
        3,
        null,
        null,
        2,
        2,
        2,
        null,
        null,
        null,
        1,
        1,
        1,
        1,
        1,
        6,
        6,
        null,
        null,
        2,
        2,
        2,
        2,
        2,
        2,
        null,
        null,
        1,
        1,
        6,
        6,
        6,
        null,
        null,
        2,
        2,
        2,
        2,
        2,
        2,
        null,
        null,
        null,
        1,
        1,
        3,
        3,
        null,
        null,
        2,
        2,
        2,
        null,
        null,
        null,
        1,
        1,
        3,
        3,
        null,
        null,
        2,
        2,
        2,
        null,
        null,
        null
      ],
      "/Users/kevinponce/Programming/habit/habit_api_tracker/app/controllers/habits_controller.rb": [
        null,
        null,
        null,
        1,
        1,
        1,
        1,
        null,
        1,
        4,
        null,
        null,
        1,
        3,
        null,
        3,
        3,
        null,
        0,
        null,
        null,
        null,
        1,
        5,
        5,
        null,
        0,
        null,
        null,
        null,
        1,
        3,
        null,
        null,
        1,
        12,
        null,
        12,
        12,
        null,
        0,
        null,
        null,
        null,
        1,
        null,
        1,
        16,
        null,
        null,
        null,
        null,
        null,
        null,
        null,
        null,
        null,
        null,
        null,
        null,
        null,
        null,
        null,
        1,
        16,
        null,
        null,
        1,
        8,
        null,
        8,
        8,
        0,
        0,
        null,
        null,
        null,
        1,
        29,
        29,
        null,
        null,
        1,
        9,
        null,
        null,
        1,
        0,
        null,
        null
      ],
      "/Users/kevinponce/Programming/habit/habit_api_tracker/spec/models/builders/json/errors_spec.rb": [
        null,
        null,
        1,
        1,
        null,
        1,
        1,
        null,
        1,
        1,
        2,
        null,
        2,
        null,
        null,
        1,
        2,
        null,
        2,
        null,
        null,
        null
      ],
      "/Users/kevinponce/Programming/habit/habit_api_tracker/spec/models/habit_record_spec.rb": [
        null,
        null,
        1,
        null,
        1,
        2,
        null
      ],
      "/Users/kevinponce/Programming/habit/habit_api_tracker/app/models/habit_record.rb": [
        null,
        null,
        null,
        1,
        1,
        null
      ],
      "/Users/kevinponce/Programming/habit/habit_api_tracker/app/models/application_record.rb": [
        null,
        null,
        null,
        1,
        1,
        null
      ],
      "/Users/kevinponce/Programming/habit/habit_api_tracker/spec/models/habit_spec.rb": [
        null,
        null,
        1,
        null,
        1,
        2,
        null,
        2,
        2,
        2,
        2,
        null,
        2,
        2,
        2,
        2,
        null
      ],
      "/Users/kevinponce/Programming/habit/habit_api_tracker/app/models/habit.rb": [
        null,
        null,
        null,
        1,
        1,
        null,
        1,
        null,
        1,
        1,
        null
      ],
      "/Users/kevinponce/Programming/habit/habit_api_tracker/spec/models/user_spec.rb": [
        null,
        null,
        1,
        null,
        1,
        null
      ],
      "/Users/kevinponce/Programming/habit/habit_api_tracker/app/models/user.rb": [
        null,
        null,
        null,
        1,
        1,
        null,
        1,
        null
      ],
      "/Users/kevinponce/Programming/habit/habit_api_tracker/app/models/builders/json/habit.rb": [
        null,
        null,
        1,
        1,
        null,
        1,
        1,
        null,
        1,
        null,
        1,
        31,
        null,
        null,
        1,
        31,
        31,
        null,
        31,
        null,
        null,
        null,
        null,
        null
      ],
      "/Users/kevinponce/Programming/habit/habit_api_tracker/app/models/builders/json/helpers/habit.rb": [
        null,
        null,
        1,
        1,
        1,
        null,
        1,
        1,
        35,
        35,
        35,
        35,
        35,
        35,
        35,
        null,
        35,
        null,
        35,
        35,
        null,
        null,
        1,
        35,
        35,
        35,
        35,
        35,
        35,
        35,
        null,
        null,
        1,
        4,
        4,
        null,
        null,
        null,
        null,
        null
      ],
      "/Users/kevinponce/Programming/habit/habit_api_tracker/app/models/builders/json/habits.rb": [
        null,
        null,
        1,
        1,
        null,
        1,
        1,
        null,
        1,
        null,
        1,
        4,
        null,
        null,
        1,
        4,
        4,
        null,
        4,
        4,
        null,
        null,
        null,
        null,
        null,
        null
      ],
      "/Users/kevinponce/Programming/habit/habit_api_tracker/app/models/builders/json/habit_records.rb": [
        null,
        null,
        1,
        1,
        null,
        1,
        1,
        null,
        1,
        null,
        1,
        4,
        null,
        null,
        1,
        4,
        4,
        null,
        4,
        4,
        null,
        null,
        null,
        null,
        null,
        null
      ],
      "/Users/kevinponce/Programming/habit/habit_api_tracker/app/models/builders/json/errors.rb": [
        null,
        null,
        1,
        1,
        null,
        1,
        1,
        null,
        1,
        2,
        null,
        null,
        1,
        2,
        2,
        null,
        null,
        null,
        null,
        null
      ]
    },
    "timestamp": 1493213760
  }
}
